[debug] [2026-01-28T10:48:17.200Z] ----------------------------------------------------------------------
[debug] [2026-01-28T10:48:17.202Z] Command:       /Users/remoprinz/.nvm/versions/node/v22.16.0/bin/node /Users/remoprinz/.nvm/versions/node/v22.16.0/bin/firebase deploy --only functions:supportQuery --force
[debug] [2026-01-28T10:48:17.202Z] CLI Version:   15.2.1
[debug] [2026-01-28T10:48:17.202Z] Platform:      darwin
[debug] [2026-01-28T10:48:17.202Z] Node Version:  v22.16.0
[debug] [2026-01-28T10:48:17.202Z] Time:          Wed Jan 28 2026 11:48:17 GMT+0100 (Central European Standard Time)
[debug] [2026-01-28T10:48:17.202Z] ----------------------------------------------------------------------
[debug] 
[debug] [2026-01-28T10:48:17.941Z] > command requires scopes: ["email","openid","https://www.googleapis.com/auth/cloudplatformprojects.readonly","https://www.googleapis.com/auth/firebase","https://www.googleapis.com/auth/cloud-platform"]
[debug] [2026-01-28T10:48:17.941Z] > authorizing via signed-in user (remo.prinz@gmail.com)
[debug] [2026-01-28T10:48:17.941Z] [iam] checking project jassguru for permissions ["cloudfunctions.functions.create","cloudfunctions.functions.delete","cloudfunctions.functions.get","cloudfunctions.functions.list","cloudfunctions.functions.update","cloudfunctions.operations.get","firebase.projects.get"]
[debug] [2026-01-28T10:48:17.942Z] Checked if tokens are valid: false, expires at: 1769593782505
[debug] [2026-01-28T10:48:17.942Z] Checked if tokens are valid: false, expires at: 1769593782505
[debug] [2026-01-28T10:48:17.942Z] > refreshing access token with scopes: []
[debug] [2026-01-28T10:48:17.942Z] >>> [apiv2][query] POST https://www.googleapis.com/oauth2/v3/token [none]
[debug] [2026-01-28T10:48:17.942Z] >>> [apiv2][body] POST https://www.googleapis.com/oauth2/v3/token [omitted]
[debug] [2026-01-28T10:48:18.152Z] <<< [apiv2][status] POST https://www.googleapis.com/oauth2/v3/token 200
[debug] [2026-01-28T10:48:18.152Z] <<< [apiv2][body] POST https://www.googleapis.com/oauth2/v3/token [omitted]
[debug] [2026-01-28T10:48:18.163Z] >>> [apiv2][query] POST https://cloudresourcemanager.googleapis.com/v1/projects/jassguru:testIamPermissions [none]
[debug] [2026-01-28T10:48:18.163Z] >>> [apiv2][(partial)header] POST https://cloudresourcemanager.googleapis.com/v1/projects/jassguru:testIamPermissions x-goog-quota-user=projects/jassguru
[debug] [2026-01-28T10:48:18.163Z] >>> [apiv2][body] POST https://cloudresourcemanager.googleapis.com/v1/projects/jassguru:testIamPermissions {"permissions":["cloudfunctions.functions.create","cloudfunctions.functions.delete","cloudfunctions.functions.get","cloudfunctions.functions.list","cloudfunctions.functions.update","cloudfunctions.operations.get","firebase.projects.get"]}
[debug] [2026-01-28T10:48:18.487Z] <<< [apiv2][status] POST https://cloudresourcemanager.googleapis.com/v1/projects/jassguru:testIamPermissions 200
[debug] [2026-01-28T10:48:18.488Z] <<< [apiv2][body] POST https://cloudresourcemanager.googleapis.com/v1/projects/jassguru:testIamPermissions {"permissions":["cloudfunctions.functions.create","cloudfunctions.functions.delete","cloudfunctions.functions.get","cloudfunctions.functions.list","cloudfunctions.functions.update","cloudfunctions.operations.get","firebase.projects.get"]}
[debug] [2026-01-28T10:48:18.488Z] Checked if tokens are valid: true, expires at: 1769600897152
[debug] [2026-01-28T10:48:18.488Z] Checked if tokens are valid: true, expires at: 1769600897152
[debug] [2026-01-28T10:48:18.488Z] >>> [apiv2][query] POST https://iam.googleapis.com/v1/projects/jassguru/serviceAccounts/jassguru@appspot.gserviceaccount.com:testIamPermissions [none]
[debug] [2026-01-28T10:48:18.488Z] >>> [apiv2][body] POST https://iam.googleapis.com/v1/projects/jassguru/serviceAccounts/jassguru@appspot.gserviceaccount.com:testIamPermissions {"permissions":["iam.serviceAccounts.actAs"]}
