[debug] [2025-10-16T14:54:21.866Z] ----------------------------------------------------------------------
[debug] [2025-10-16T14:54:21.868Z] Command:       /Users/remoprinz/.nvm/versions/node/v22.16.0/bin/node /Users/remoprinz/.nvm/versions/node/v22.16.0/bin/firebase deploy
[debug] [2025-10-16T14:54:21.868Z] CLI Version:   14.18.0
[debug] [2025-10-16T14:54:21.868Z] Platform:      darwin
[debug] [2025-10-16T14:54:21.868Z] Node Version:  v22.16.0
[debug] [2025-10-16T14:54:21.868Z] Time:          Thu Oct 16 2025 16:54:21 GMT+0200 (Mitteleuropäische Sommerzeit)
[debug] [2025-10-16T14:54:21.868Z] ----------------------------------------------------------------------
[debug] 
[debug] [2025-10-16T14:54:21.948Z] > command requires scopes: ["email","openid","https://www.googleapis.com/auth/cloudplatformprojects.readonly","https://www.googleapis.com/auth/firebase","https://www.googleapis.com/auth/cloud-platform"]
[debug] [2025-10-16T14:54:21.948Z] > authorizing via signed-in user (remo.prinz@gmail.com)
[debug] [2025-10-16T14:54:21.948Z] [iam] checking project jassguru for permissions ["cloudfunctions.functions.create","cloudfunctions.functions.delete","cloudfunctions.functions.get","cloudfunctions.functions.list","cloudfunctions.functions.update","cloudfunctions.operations.get","datastore.indexes.create","datastore.indexes.delete","datastore.indexes.list","datastore.indexes.update","firebase.projects.get","firebasehosting.sites.update","firebaserules.releases.create","firebaserules.releases.update","firebaserules.rulesets.create"]
[debug] [2025-10-16T14:54:21.948Z] Checked if tokens are valid: true, expires at: 1760628911548
[debug] [2025-10-16T14:54:21.948Z] Checked if tokens are valid: true, expires at: 1760628911548
[debug] [2025-10-16T14:54:21.949Z] >>> [apiv2][query] POST https://cloudresourcemanager.googleapis.com/v1/projects/jassguru:testIamPermissions [none]
[debug] [2025-10-16T14:54:21.949Z] >>> [apiv2][(partial)header] POST https://cloudresourcemanager.googleapis.com/v1/projects/jassguru:testIamPermissions x-goog-quota-user=projects/jassguru
[debug] [2025-10-16T14:54:21.949Z] >>> [apiv2][body] POST https://cloudresourcemanager.googleapis.com/v1/projects/jassguru:testIamPermissions {"permissions":["cloudfunctions.functions.create","cloudfunctions.functions.delete","cloudfunctions.functions.get","cloudfunctions.functions.list","cloudfunctions.functions.update","cloudfunctions.operations.get","datastore.indexes.create","datastore.indexes.delete","datastore.indexes.list","datastore.indexes.update","firebase.projects.get","firebasehosting.sites.update","firebaserules.releases.create","firebaserules.releases.update","firebaserules.rulesets.create"]}
[debug] [2025-10-16T14:54:22.281Z] <<< [apiv2][status] POST https://cloudresourcemanager.googleapis.com/v1/projects/jassguru:testIamPermissions 200
[debug] [2025-10-16T14:54:22.281Z] <<< [apiv2][body] POST https://cloudresourcemanager.googleapis.com/v1/projects/jassguru:testIamPermissions {"permissions":["cloudfunctions.functions.create","cloudfunctions.functions.delete","cloudfunctions.functions.get","cloudfunctions.functions.list","cloudfunctions.functions.update","cloudfunctions.operations.get","datastore.indexes.create","datastore.indexes.delete","datastore.indexes.list","datastore.indexes.update","firebase.projects.get","firebasehosting.sites.update","firebaserules.releases.create","firebaserules.releases.update","firebaserules.rulesets.create"]}
[debug] [2025-10-16T14:54:22.282Z] Checked if tokens are valid: true, expires at: 1760628911548
[debug] [2025-10-16T14:54:22.282Z] Checked if tokens are valid: true, expires at: 1760628911548
[debug] [2025-10-16T14:54:22.282Z] >>> [apiv2][query] POST https://iam.googleapis.com/v1/projects/jassguru/serviceAccounts/jassguru@appspot.gserviceaccount.com:testIamPermissions [none]
[debug] [2025-10-16T14:54:22.282Z] >>> [apiv2][body] POST https://iam.googleapis.com/v1/projects/jassguru/serviceAccounts/jassguru@appspot.gserviceaccount.com:testIamPermissions {"permissions":["iam.serviceAccounts.actAs"]}
[debug] [2025-10-16T14:54:23.130Z] <<< [apiv2][status] POST https://iam.googleapis.com/v1/projects/jassguru/serviceAccounts/jassguru@appspot.gserviceaccount.com:testIamPermissions 200
[debug] [2025-10-16T14:54:23.130Z] <<< [apiv2][body] POST https://iam.googleapis.com/v1/projects/jassguru/serviceAccounts/jassguru@appspot.gserviceaccount.com:testIamPermissions {"permissions":["iam.serviceAccounts.actAs"]}
[debug] [2025-10-16T14:54:23.130Z] Checked if tokens are valid: true, expires at: 1760628911548
[debug] [2025-10-16T14:54:23.130Z] Checked if tokens are valid: true, expires at: 1760628911548
[debug] [2025-10-16T14:54:23.130Z] >>> [apiv2][query] GET https://firebase.googleapis.com/v1beta1/projects/jassguru [none]
[debug] [2025-10-16T14:54:23.495Z] <<< [apiv2][status] GET https://firebase.googleapis.com/v1beta1/projects/jassguru 200
[debug] [2025-10-16T14:54:23.495Z] <<< [apiv2][body] GET https://firebase.googleapis.com/v1beta1/projects/jassguru {"projectId":"jassguru","projectNumber":"827424297556","displayName":"jassguru","name":"projects/jassguru","resources":{"hostingSite":"jassguru"},"state":"ACTIVE","etag":"1_5f247be0-5943-4a87-97e7-c1c1edaad8f4"}
[info] 
[info] === Deploying to 'jassguru'...
[info] 
[info] i  deploying storage, firestore, functions, hosting 
[info] Running command: npm --prefix "$RESOURCE_DIR" run lint
